<?xml version="1.0" encoding="UTF-8"?>
<testng-results skipped="0" failed="1" ignored="0" total="3" passed="2">
  <reporter-output>
  </reporter-output>
  <suite name="myapptestsuite" duration-ms="20286" started-at="2020-05-07T02:54:28Z" finished-at="2020-05-07T02:54:48Z">
    <groups>
    </groups>
    <test name="myapptest" duration-ms="20286" started-at="2020-05-07T02:54:28Z" finished-at="2020-05-07T02:54:48Z">
      <class name="com.webapp.NewTest1">
        <test-method status="PASS" signature="gmail()[pri:0, instance:com.webapp.NewTest1@5034c75a]" name="gmail" duration-ms="5617" started-at="2020-05-07T02:54:28Z" finished-at="2020-05-07T02:54:33Z">
          <reporter-output>
          </reporter-output>
        </test-method> <!-- gmail -->
      </class> <!-- com.webapp.NewTest1 -->
      <class name="com.webapp.NewTest3">
        <test-method status="PASS" signature="launch()[pri:0, instance:com.webapp.NewTest3@396a51ab]" name="launch" is-config="true" duration-ms="1" started-at="2020-05-07T02:54:33Z" finished-at="2020-05-07T02:54:33Z">
          <reporter-output>
          </reporter-output>
        </test-method> <!-- launch -->
        <test-method status="FAIL" signature="verifytitle()[pri:0, instance:com.webapp.NewTest3@396a51ab]" name="verifytitle" duration-ms="6523" started-at="2020-05-07T02:54:33Z" finished-at="2020-05-07T02:54:40Z">
          <exception class="java.lang.AssertionError">
            <message>
              <![CDATA[expected [Facebook] but found [Facebook – log in or sign up]]]>
            </message>
            <full-stacktrace>
              <![CDATA[java.lang.AssertionError: expected [Facebook] but found [Facebook – log in or sign up]
at org.testng.Assert.fail(Assert.java:96)
at org.testng.Assert.failNotEquals(Assert.java:776)
at org.testng.Assert.assertEqualsImpl(Assert.java:137)
at org.testng.Assert.assertEquals(Assert.java:118)
at org.testng.Assert.assertEquals(Assert.java:453)
at org.testng.Assert.assertEquals(Assert.java:463)
at com.webapp.NewTest3.verifytitle(NewTest3.java:42)
at sun.reflect.NativeMethodAccessorImpl.invoke0(Native Method)
at sun.reflect.NativeMethodAccessorImpl.invoke(NativeMethodAccessorImpl.java:62)
at sun.reflect.DelegatingMethodAccessorImpl.invoke(DelegatingMethodAccessorImpl.java:43)
at java.lang.reflect.Method.invoke(Method.java:498)
at org.testng.internal.MethodInvocationHelper.invokeMethod(MethodInvocationHelper.java:124)
at org.testng.internal.Invoker.invokeMethod(Invoker.java:580)
at org.testng.internal.Invoker.invokeTestMethod(Invoker.java:716)
at org.testng.internal.Invoker.invokeTestMethods(Invoker.java:988)
at org.testng.internal.TestMethodWorker.invokeTestMethods(TestMethodWorker.java:125)
at org.testng.internal.TestMethodWorker.run(TestMethodWorker.java:109)
at org.testng.TestRunner.privateRun(TestRunner.java:648)
at org.testng.TestRunner.run(TestRunner.java:505)
at org.testng.SuiteRunner.runTest(SuiteRunner.java:455)
at org.testng.SuiteRunner.runSequentially(SuiteRunner.java:450)
at org.testng.SuiteRunner.privateRun(SuiteRunner.java:415)
at org.testng.SuiteRunner.run(SuiteRunner.java:364)
at org.testng.SuiteRunnerWorker.runSuite(SuiteRunnerWorker.java:52)
at org.testng.SuiteRunnerWorker.run(SuiteRunnerWorker.java:84)
at org.testng.TestNG.runSuitesSequentially(TestNG.java:1208)
at org.testng.TestNG.runSuitesLocally(TestNG.java:1137)
at org.testng.TestNG.runSuites(TestNG.java:1049)
at org.testng.TestNG.run(TestNG.java:1017)
at org.testng.remote.AbstractRemoteTestNG.run(AbstractRemoteTestNG.java:114)
at org.testng.remote.RemoteTestNG.initAndRun(RemoteTestNG.java:251)
at org.testng.remote.RemoteTestNG.main(RemoteTestNG.java:77)
]]>
            </full-stacktrace>
          </exception> <!-- java.lang.AssertionError -->
          <reporter-output>
          </reporter-output>
        </test-method> <!-- verifytitle -->
        <test-method status="PASS" signature="close()[pri:0, instance:com.webapp.NewTest3@396a51ab]" name="close" is-config="true" duration-ms="0" started-at="2020-05-07T02:54:40Z" finished-at="2020-05-07T02:54:40Z">
          <reporter-output>
          </reporter-output>
        </test-method> <!-- close -->
        <test-method status="PASS" signature="launch()[pri:0, instance:com.webapp.NewTest3@396a51ab]" name="launch" is-config="true" duration-ms="1" started-at="2020-05-07T02:54:40Z" finished-at="2020-05-07T02:54:40Z">
          <reporter-output>
          </reporter-output>
        </test-method> <!-- launch -->
        <test-method status="PASS" signature="verifyurl()[pri:0, instance:com.webapp.NewTest3@396a51ab]" name="verifyurl" duration-ms="8118" started-at="2020-05-07T02:54:40Z" finished-at="2020-05-07T02:54:48Z">
          <reporter-output>
          </reporter-output>
        </test-method> <!-- verifyurl -->
        <test-method status="PASS" signature="close()[pri:0, instance:com.webapp.NewTest3@396a51ab]" name="close" is-config="true" duration-ms="0" started-at="2020-05-07T02:54:48Z" finished-at="2020-05-07T02:54:48Z">
          <reporter-output>
          </reporter-output>
        </test-method> <!-- close -->
      </class> <!-- com.webapp.NewTest3 -->
    </test> <!-- myapptest -->
  </suite> <!-- myapptestsuite -->
</testng-results>
